0 info it worked if it ends with ok
1 verbose cli [ 'E:\\Program Files\\nodejs\\node.exe',
1 verbose cli   'C:\\Users\\asus\\AppData\\Roaming\\npm\\node_modules\\npm\\bin\\npm-cli.js',
1 verbose cli   'run',
1 verbose cli   'dev-debug' ]
2 info using npm@3.10.9
3 info using node@v6.6.0
4 verbose run-script [ 'predev-debug', 'dev-debug', 'postdev-debug' ]
5 info lifecycle nuxt-starter-kit@~predev-debug: nuxt-starter-kit@
6 silly lifecycle nuxt-starter-kit@~predev-debug: no script for predev-debug, continuing
7 info lifecycle nuxt-starter-kit@~dev-debug: nuxt-starter-kit@
8 verbose lifecycle nuxt-starter-kit@~dev-debug: unsafe-perm in lifecycle true
9 verbose lifecycle nuxt-starter-kit@~dev-debug: PATH: C:\Users\asus\AppData\Roaming\npm\node_modules\npm\bin\node-gyp-bin;E:\code\nuxt-starter-kit\node_modules\.bin;C:\Program Files\Docker\Docker\Resources\bin;C:\ProgramData\Oracle\Java\javapath;C:\WINDOWS\system32;C:\WINDOWS;C:\WINDOWS\System32\Wbem;C:\WINDOWS\System32\WindowsPowerShell\v1.0\;E:\Program Files\nodejs\;E:\Program Files\python;%USERPROFILE%\.dnx\bin;C:\Program Files\Microsoft DNX\Dnvm\;C:\Program Files (x86)\Windows Kits\8.1\Windows Performance Toolkit\;C:\Program Files\Microsoft SQL Server\130\Tools\Binn\;D:\软件\adb;D:\Program Files (x86)\Vim\vim80;d:\Program Files\Git\cmd;C:\Program Files\Docker\Docker;D:\软件\Ruby23-x64\bin;d;\Program Files (x86)\Microsoft VS Code\bin;C:\Users\asus\AppData\Roaming\npm;C:\Users\asus\AppData\Local\Microsoft\WindowsApps;C:\Users\asus\AppData\Local\.meteor\;d:\Program Files (x86)\Microsoft VS Code\bin
10 verbose lifecycle nuxt-starter-kit@~dev-debug: CWD: E:\code\nuxt-starter-kit
11 silly lifecycle nuxt-starter-kit@~dev-debug: Args: [ '/d /s /c', 'node --debug node_modules/nuxt/bin/nuxt' ]
12 verbose stack Error: kill ENOSYS
12 verbose stack     at exports._errnoException (util.js:1036:11)
12 verbose stack     at process.kill (internal/process.js:172:13)
12 verbose stack     at process.listener (C:\Users\asus\AppData\Roaming\npm\node_modules\npm\node_modules\npmlog\node_modules\gauge\node_modules\signal-exit\index.js:86:15)
12 verbose stack     at emitNone (events.js:91:20)
12 verbose stack     at process.emit (events.js:185:7)
12 verbose stack     at processEmit (C:\Users\asus\AppData\Roaming\npm\node_modules\npm\node_modules\npmlog\node_modules\gauge\node_modules\signal-exit\index.js:146:32)
12 verbose stack     at processEmit (C:\Users\asus\AppData\Roaming\npm\node_modules\npm\node_modules\npm-registry-client\node_modules\npmlog\node_modules\gauge\node_modules\signal-exit\index.js:146:32)
12 verbose stack     at Signal.wrap.onsignal (internal/process.js:199:44)
13 verbose cwd E:\code\nuxt-starter-kit
14 error Windows_NT 10.0.15063
15 error argv "E:\\Program Files\\nodejs\\node.exe" "C:\\Users\\asus\\AppData\\Roaming\\npm\\node_modules\\npm\\bin\\npm-cli.js" "run" "dev-debug"
16 error node v6.6.0
17 error npm  v3.10.9
18 error code ENOSYS
19 error errno ENOSYS
20 error syscall kill
21 error kill ENOSYS
22 error If you need help, you may report this error at:
22 error     <https://github.com/npm/npm/issues>
23 verbose exit [ 1, true ]
